<?xml version="1.0" encoding="UTF-8"?>
<!-- Generated by org.testng.reporters.JUnitReportReporter -->
<testsuite hostname="Z422" failures="0" tests="2" name="CreateContact.CreateOrg" time="0.053" errors="0" timestamp="2022-05-03T08:56:30 IST" skipped="0">
  <testcase classname="CreateContact.CreateOrg" name="createOrg" time="0.007"/>
  <system-out/>
  <testcase classname="CreateContact.CreateOrg" name="CreateOrg" time="0.046"/>
  <system-out/>
</testsuite> <!-- CreateContact.CreateOrg -->
